[0410/142445.140:ERROR:process_info.cc(329)] VirtualQueryEx: Access is denied. (0x5)
[0410/142445.142:ERROR:process_info.cc(550)] ReadMemoryInfo failed
[0410/142445.142:ERROR:process_memory_win.cc(39)] Failed to initialize ProcessInfo.
[0410/142445.142:ERROR:scoped_process_suspend.cc(40)] NtResumeProcess: An attempt was made to access an exiting process. (0xc000010a)
[0410/143256.462:ERROR:process_info.cc(329)] VirtualQueryEx: Access is denied. (0x5)
[0410/143256.463:ERROR:process_info.cc(550)] ReadMemoryInfo failed
[0410/143256.463:ERROR:scoped_process_suspend.cc(40)] NtResumeProcess: An attempt was made to access an exiting process. (0xc000010a)
[0410/150603.111:ERROR:process_memory_win.cc(73)] ReadMemory at 0x58eb0000 of 64 bytes failed: Only part of a ReadProcessMemory or WriteProcessMemory request was completed. (0x12B)
[0410/150603.115:WARNING:pe_image_reader.cc(340)] could not read dos header from C:\windows\System32\SYSFER.DLL
[0410/150603.115:ERROR:process_memory_win.cc(73)] ReadMemory at 0x1cf801838b0 of 72 bytes failed: Only part of a ReadProcessMemory or WriteProcessMemory request was completed. (0x12B)
[0410/150603.115:WARNING:pe_image_annotations_reader.cc(134)] could not read annotations list object in C:\Program Files (x86)\Google\Chrome\Application\73.0.3683.103\chrome_elf.dll
[0410/150603.116:ERROR:process_memory_win.cc(73)] ReadMemory at 0x1cf80621720 of 72 bytes failed: Only part of a ReadProcessMemory or WriteProcessMemory request was completed. (0x12B)
[0410/150603.116:WARNING:pe_image_annotations_reader.cc(134)] could not read annotations list object in C:\Program Files (x86)\Google\Chrome\Application\73.0.3683.103\chrome_child.dll
[0410/150603.116:ERROR:process_memory_win.cc(73)] ReadMemory at 0x1cf80420000 of 64 bytes failed: Only part of a ReadProcessMemory or WriteProcessMemory request was completed. (0x12B)
[0410/150603.116:WARNING:pe_image_reader.cc(340)] could not read dos header from C:\windows\System32\WS2_32.dll
[0410/150603.116:ERROR:process_memory_win.cc(73)] ReadMemory at 0x1cf80540000 of 64 bytes failed: Only part of a ReadProcessMemory or WriteProcessMemory request was completed. (0x12B)
[0410/150603.116:WARNING:pe_image_reader.cc(340)] could not read dos header from C:\windows\System32\OLEAUT32.dll
[0410/150603.138:ERROR:process_memory_win.cc(73)] ReadMemory at 0x5c1fded000 of 77824 bytes failed: Only part of a ReadProcessMemory or WriteProcessMemory request was completed. (0x12B)
[0410/150603.138:ERROR:process_memory_win.cc(73)] ReadMemory at 0x5c1fffd000 of 12288 bytes failed: Only part of a ReadProcessMemory or WriteProcessMemory request was completed. (0x12B)
[0410/150603.138:ERROR:process_memory_win.cc(73)] ReadMemory at 0x5c201fe000 of 8192 bytes failed: Only part of a ReadProcessMemory or WriteProcessMemory request was completed. (0x12B)
[0410/150603.138:ERROR:process_memory_win.cc(73)] ReadMemory at 0x5c205f7000 of 36864 bytes failed: Only part of a ReadProcessMemory or WriteProcessMemory request was completed. (0x12B)
[0410/150603.138:ERROR:process_memory_win.cc(73)] ReadMemory at 0x5c207fe000 of 8192 bytes failed: Only part of a ReadProcessMemory or WriteProcessMemory request was completed. (0x12B)
[0410/150603.138:ERROR:process_memory_win.cc(73)] ReadMemory at 0x5c209fe000 of 8192 bytes failed: Only part of a ReadProcessMemory or WriteProcessMemory request was completed. (0x12B)
[0410/150603.138:ERROR:process_memory_win.cc(73)] ReadMemory at 0x5c20bfd000 of 12288 bytes failed: Only part of a ReadProcessMemory or WriteProcessMemory request was completed. (0x12B)
[0410/150603.138:ERROR:process_memory_win.cc(73)] ReadMemory at 0x5c20dfe000 of 8192 bytes failed: Only part of a ReadProcessMemory or WriteProcessMemory request was completed. (0x12B)
[0410/150603.139:ERROR:process_memory_win.cc(73)] ReadMemory at 0x5c20ffe000 of 8192 bytes failed: Only part of a ReadProcessMemory or WriteProcessMemory request was completed. (0x12B)
[0410/150603.139:ERROR:process_memory_win.cc(73)] ReadMemory at 0x5c211fb000 of 20480 bytes failed: Only part of a ReadProcessMemory or WriteProcessMemory request was completed. (0x12B)
[0410/150603.139:ERROR:process_memory_win.cc(73)] ReadMemory at 0x5c213e9000 of 94208 bytes failed: Only part of a ReadProcessMemory or WriteProcessMemory request was completed. (0x12B)
[0410/150603.139:ERROR:process_memory_win.cc(73)] ReadMemory at 0x5c215e9000 of 94208 bytes failed: Only part of a ReadProcessMemory or WriteProcessMemory request was completed. (0x12B)
[0410/150603.139:ERROR:process_memory_win.cc(73)] ReadMemory at 0x5c24eea000 of 90112 bytes failed: Only part of a ReadProcessMemory or WriteProcessMemory request was completed. (0x12B)
[0410/150603.140:ERROR:process_memory_win.cc(73)] ReadMemory at 0x5c217f9000 of 28672 bytes failed: Only part of a ReadProcessMemory or WriteProcessMemory request was completed. (0x12B)
[0410/150603.140:ERROR:process_memory_win.cc(73)] ReadMemory at 0x5c21bfd000 of 12288 bytes failed: Only part of a ReadProcessMemory or WriteProcessMemory request was completed. (0x12B)
[0410/150603.140:ERROR:process_memory_win.cc(73)] ReadMemory at 0x5c21ff6000 of 40960 bytes failed: Only part of a ReadProcessMemory or WriteProcessMemory request was completed. (0x12B)
[0410/150603.140:ERROR:process_memory_win.cc(73)] ReadMemory at 0x5c223fe000 of 8192 bytes failed: Only part of a ReadProcessMemory or WriteProcessMemory request was completed. (0x12B)
[0410/150603.140:ERROR:process_memory_win.cc(73)] ReadMemory at 0x5c203fe000 of 8192 bytes failed: Only part of a ReadProcessMemory or WriteProcessMemory request was completed. (0x12B)
[0410/150603.140:ERROR:process_memory_win.cc(73)] ReadMemory at 0x5c219fe000 of 8192 bytes failed: Only part of a ReadProcessMemory or WriteProcessMemory request was completed. (0x12B)
[0410/150603.140:ERROR:process_memory_win.cc(73)] ReadMemory at 0x5c1faaf000 of 852 bytes failed: Only part of a ReadProcessMemory or WriteProcessMemory request was completed. (0x12B)
[0410/150603.140:ERROR:process_memory_win.cc(73)] ReadMemory at 0x5c1fab0000 of 6024 bytes failed: Only part of a ReadProcessMemory or WriteProcessMemory request was completed. (0x12B)
[0410/150603.141:ERROR:process_memory_win.cc(73)] ReadMemory at 0x5c1fab2000 of 6024 bytes failed: Only part of a ReadProcessMemory or WriteProcessMemory request was completed. (0x12B)
[0410/150603.141:ERROR:process_memory_win.cc(73)] ReadMemory at 0x5c1fab4000 of 6024 bytes failed: Only part of a ReadProcessMemory or WriteProcessMemory request was completed. (0x12B)
[0410/150603.141:ERROR:process_memory_win.cc(73)] ReadMemory at 0x5c1fab8000 of 6024 bytes failed: Only part of a ReadProcessMemory or WriteProcessMemory request was completed. (0x12B)
[0410/150603.141:ERROR:process_memory_win.cc(73)] ReadMemory at 0x5c1faba000 of 6024 bytes failed: Only part of a ReadProcessMemory or WriteProcessMemory request was completed. (0x12B)
[0410/150603.141:ERROR:process_memory_win.cc(73)] ReadMemory at 0x5c1fabc000 of 6024 bytes failed: Only part of a ReadProcessMemory or WriteProcessMemory request was completed. (0x12B)
[0410/150603.141:ERROR:process_memory_win.cc(73)] ReadMemory at 0x5c1fabe000 of 6024 bytes failed: Only part of a ReadProcessMemory or WriteProcessMemory request was completed. (0x12B)
[0410/150603.141:ERROR:process_memory_win.cc(73)] ReadMemory at 0x5c1fac0000 of 6024 bytes failed: Only part of a ReadProcessMemory or WriteProcessMemory request was completed. (0x12B)
[0410/150603.141:ERROR:process_memory_win.cc(73)] ReadMemory at 0x5c1fac2000 of 6024 bytes failed: Only part of a ReadProcessMemory or WriteProcessMemory request was completed. (0x12B)
[0410/150603.141:ERROR:process_memory_win.cc(73)] ReadMemory at 0x5c1fac4000 of 6024 bytes failed: Only part of a ReadProcessMemory or WriteProcessMemory request was completed. (0x12B)
[0410/150603.141:ERROR:process_memory_win.cc(73)] ReadMemory at 0x5c1fac6000 of 6024 bytes failed: Only part of a ReadProcessMemory or WriteProcessMemory request was completed. (0x12B)
[0410/150603.142:ERROR:process_memory_win.cc(73)] ReadMemory at 0x5c1fac8000 of 6024 bytes failed: Only part of a ReadProcessMemory or WriteProcessMemory request was completed. (0x12B)
[0410/150603.142:ERROR:process_memory_win.cc(73)] ReadMemory at 0x5c1facc000 of 6024 bytes failed: Only part of a ReadProcessMemory or WriteProcessMemory request was completed. (0x12B)
[0410/150603.142:ERROR:process_memory_win.cc(73)] ReadMemory at 0x5c1face000 of 6024 bytes failed: Only part of a ReadProcessMemory or WriteProcessMemory request was completed. (0x12B)
[0410/150603.142:ERROR:process_memory_win.cc(73)] ReadMemory at 0x5c1fad2000 of 6024 bytes failed: Only part of a ReadProcessMemory or WriteProcessMemory request was completed. (0x12B)
[0410/150603.142:ERROR:process_memory_win.cc(73)] ReadMemory at 0x5c1fad6000 of 6024 bytes failed: Only part of a ReadProcessMemory or WriteProcessMemory request was completed. (0x12B)
[0410/150603.142:ERROR:process_memory_win.cc(73)] ReadMemory at 0x5c1fada000 of 6024 bytes failed: Only part of a ReadProcessMemory or WriteProcessMemory request was completed. (0x12B)
[0410/150603.142:ERROR:process_memory_win.cc(73)] ReadMemory at 0x5c1fadc000 of 6024 bytes failed: Only part of a ReadProcessMemory or WriteProcessMemory request was completed. (0x12B)
[0410/150603.142:ERROR:process_memory_win.cc(73)] ReadMemory at 0x5c1fade000 of 6024 bytes failed: Only part of a ReadProcessMemory or WriteProcessMemory request was completed. (0x12B)
[0410/150603.143:ERROR:process_memory_win.cc(73)] ReadMemory at 0x1cf804c10c0 of 512 bytes failed: Only part of a ReadProcessMemory or WriteProcessMemory request was completed. (0x12B)
[0410/150603.143:ERROR:process_memory_win.cc(73)] ReadMemory at 0x1cf80646490 of 512 bytes failed: Only part of a ReadProcessMemory or WriteProcessMemory request was completed. (0x12B)
[0410/150603.143:ERROR:process_memory_win.cc(73)] ReadMemory at 0x1cf80648e30 of 512 bytes failed: Only part of a ReadProcessMemory or WriteProcessMemory request was completed. (0x12B)
[0410/150603.143:ERROR:process_memory_win.cc(73)] ReadMemory at 0x1cf8064c030 of 512 bytes failed: Only part of a ReadProcessMemory or WriteProcessMemory request was completed. (0x12B)
[0410/150603.143:ERROR:process_memory_win.cc(73)] ReadMemory at 0x1cf806536c0 of 512 bytes failed: Only part of a ReadProcessMemory or WriteProcessMemory request was completed. (0x12B)
[0410/150603.143:ERROR:process_memory_win.cc(73)] ReadMemory at 0x1cf80656d10 of 512 bytes failed: Only part of a ReadProcessMemory or WriteProcessMemory request was completed. (0x12B)
[0410/150603.143:ERROR:process_memory_win.cc(73)] ReadMemory at 0x1cf80659e30 of 512 bytes failed: Only part of a ReadProcessMemory or WriteProcessMemory request was completed. (0x12B)
[0410/150603.143:ERROR:process_memory_win.cc(73)] ReadMemory at 0x1cf80660610 of 512 bytes failed: Only part of a ReadProcessMemory or WriteProcessMemory request was completed. (0x12B)
[0410/150603.143:ERROR:process_memory_win.cc(73)] ReadMemory at 0x1cf80665d80 of 512 bytes failed: Only part of a ReadProcessMemory or WriteProcessMemory request was completed. (0x12B)
[0410/150603.143:ERROR:process_memory_win.cc(73)] ReadMemory at 0x1cf80666140 of 512 bytes failed: Only part of a ReadProcessMemory or WriteProcessMemory request was completed. (0x12B)
[0410/150603.144:ERROR:process_memory_win.cc(73)] ReadMemory at 0x1cf8066a840 of 696 bytes failed: Only part of a ReadProcessMemory or WriteProcessMemory request was completed. (0x12B)
[0410/150603.144:ERROR:process_memory_win.cc(73)] ReadMemory at 0x1cf8066d110 of 512 bytes failed: Only part of a ReadProcessMemory or WriteProcessMemory request was completed. (0x12B)
[0410/150603.144:ERROR:process_memory_win.cc(73)] ReadMemory at 0x1cf80700350 of 512 bytes failed: Only part of a ReadProcessMemory or WriteProcessMemory request was completed. (0x12B)
[0410/150603.144:ERROR:process_memory_win.cc(73)] ReadMemory at 0x1cf8246fb68 of 512 bytes failed: Only part of a ReadProcessMemory or WriteProcessMemory request was completed. (0x12B)
[0410/150603.144:ERROR:process_memory_win.cc(73)] ReadMemory at 0x1cf8248d840 of 512 bytes failed: Only part of a ReadProcessMemory or WriteProcessMemory request was completed. (0x12B)
[0410/150603.144:ERROR:process_memory_win.cc(73)] ReadMemory at 0x1cf82492e30 of 512 bytes failed: Only part of a ReadProcessMemory or WriteProcessMemory request was completed. (0x12B)
[0410/150603.144:ERROR:process_memory_win.cc(73)] ReadMemory at 0x1cf82495450 of 512 bytes failed: Only part of a ReadProcessMemory or WriteProcessMemory request was completed. (0x12B)
[0410/150603.144:ERROR:process_memory_win.cc(73)] ReadMemory at 0x1cf82561501 of 512 bytes failed: Only part of a ReadProcessMemory or WriteProcessMemory request was completed. (0x12B)
[0410/150603.144:ERROR:process_memory_win.cc(73)] ReadMemory at 0x1cf82a9bfb0 of 520 bytes failed: Only part of a ReadProcessMemory or WriteProcessMemory request was completed. (0x12B)
[0410/150603.144:ERROR:process_memory_win.cc(73)] ReadMemory at 0x1cf82c04500 of 512 bytes failed: Only part of a ReadProcessMemory or WriteProcessMemory request was completed. (0x12B)
[0410/150603.144:ERROR:process_memory_win.cc(73)] ReadMemory at 0x1cf82c1a1b0 of 512 bytes failed: Only part of a ReadProcessMemory or WriteProcessMemory request was completed. (0x12B)
[0410/150603.144:ERROR:process_memory_win.cc(73)] ReadMemory at 0x1cf83431900 of 512 bytes failed: Only part of a ReadProcessMemory or WriteProcessMemory request was completed. (0x12B)
[0410/150603.144:ERROR:process_memory_win.cc(73)] ReadMemory at 0x1cf836f6af0 of 512 bytes failed: Only part of a ReadProcessMemory or WriteProcessMemory request was completed. (0x12B)
[0410/150603.145:ERROR:process_memory_win.cc(73)] ReadMemory at 0x1cf838a8768 of 512 bytes failed: Only part of a ReadProcessMemory or WriteProcessMemory request was completed. (0x12B)
[0410/150603.145:ERROR:process_memory_win.cc(73)] ReadMemory at 0x1cf83a33650 of 512 bytes failed: Only part of a ReadProcessMemory or WriteProcessMemory request was completed. (0x12B)
[0410/150603.145:ERROR:process_memory_win.cc(73)] ReadMemory at 0x1cf83b129b0 of 512 bytes failed: Only part of a ReadProcessMemory or WriteProcessMemory request was completed. (0x12B)
[0410/150603.145:ERROR:process_memory_win.cc(73)] ReadMemory at 0x1cf83b134a0 of 512 bytes failed: Only part of a ReadProcessMemory or WriteProcessMemory request was completed. (0x12B)
[0410/150603.145:ERROR:process_memory_win.cc(73)] ReadMemory at 0x1cf83b41f50 of 512 bytes failed: Only part of a ReadProcessMemory or WriteProcessMemory request was completed. (0x12B)
[0410/150603.145:ERROR:process_memory_win.cc(73)] ReadMemory at 0x1cf8a99a5d0 of 512 bytes failed: Only part of a ReadProcessMemory or WriteProcessMemory request was completed. (0x12B)
[0410/150603.145:ERROR:process_memory_win.cc(73)] ReadMemory at 0x1cf8a9a2260 of 512 bytes failed: Only part of a ReadProcessMemory or WriteProcessMemory request was completed. (0x12B)
[0410/150603.145:ERROR:process_memory_win.cc(73)] ReadMemory at 0x1cf8d459050 of 512 bytes failed: Only part of a ReadProcessMemory or WriteProcessMemory request was completed. (0x12B)
[0410/150603.145:ERROR:process_memory_win.cc(73)] ReadMemory at 0x1cfc0400ab0 of 512 bytes failed: Only part of a ReadProcessMemory or WriteProcessMemory request was completed. (0x12B)
[0410/150603.145:ERROR:process_memory_win.cc(73)] ReadMemory at 0x1cfc0400fc0 of 4676 bytes failed: Only part of a ReadProcessMemory or WriteProcessMemory request was completed. (0x12B)
[0410/150603.145:ERROR:process_memory_win.cc(73)] ReadMemory at 0x1cfc0402210 of 1012 bytes failed: Only part of a ReadProcessMemory or WriteProcessMemory request was completed. (0x12B)
[0410/150603.146:ERROR:process_memory_win.cc(73)] ReadMemory at 0x1cfc0402828 of 118 bytes failed: Only part of a ReadProcessMemory or WriteProcessMemory request was completed. (0x12B)
[0410/150603.146:ERROR:process_memory_win.cc(73)] ReadMemory at 0x1cfc04028a0 of 1546 bytes failed: Only part of a ReadProcessMemory or WriteProcessMemory request was completed. (0x12B)
[0410/150603.146:ERROR:process_memory_win.cc(73)] ReadMemory at 0x1cfc0402eac of 118 bytes failed: Only part of a ReadProcessMemory or WriteProcessMemory request was completed. (0x12B)
[0410/150603.146:ERROR:process_memory_win.cc(73)] ReadMemory at 0x1cfc0402f24 of 96 bytes failed: Only part of a ReadProcessMemory or WriteProcessMemory request was completed. (0x12B)
[0410/150603.146:ERROR:process_memory_win.cc(73)] ReadMemory at 0x1cfc0402f90 of 58 bytes failed: Only part of a ReadProcessMemory or WriteProcessMemory request was completed. (0x12B)
[0410/150603.146:ERROR:process_memory_win.cc(73)] ReadMemory at 0x1cfc0403090 of 132 bytes failed: Only part of a ReadProcessMemory or WriteProcessMemory request was completed. (0x12B)
[0410/150603.146:ERROR:process_memory_win.cc(73)] ReadMemory at 0x1cfc0403220 of 132 bytes failed: Only part of a ReadProcessMemory or WriteProcessMemory request was completed. (0x12B)
[0410/150603.146:ERROR:process_memory_win.cc(73)] ReadMemory at 0x1cfc04033e0 of 126 bytes failed: Only part of a ReadProcessMemory or WriteProcessMemory request was completed. (0x12B)
[0410/150603.146:ERROR:process_memory_win.cc(73)] ReadMemory at 0x1cfc04037c0 of 132 bytes failed: Only part of a ReadProcessMemory or WriteProcessMemory request was completed. (0x12B)
[0410/150603.147:ERROR:process_memory_win.cc(73)] ReadMemory at 0x1cfc0403950 of 64 bytes failed: Only part of a ReadProcessMemory or WriteProcessMemory request was completed. (0x12B)
[0410/150603.147:ERROR:process_memory_win.cc(73)] ReadMemory at 0x1cfc04039a0 of 132 bytes failed: Only part of a ReadProcessMemory or WriteProcessMemory request was completed. (0x12B)
[0410/150603.147:ERROR:process_memory_win.cc(73)] ReadMemory at 0x1cfc0403da0 of 132 bytes failed: Only part of a ReadProcessMemory or WriteProcessMemory request was completed. (0x12B)
[0410/150603.147:ERROR:process_memory_win.cc(73)] ReadMemory at 0x1cfc0403f30 of 68 bytes failed: Only part of a ReadProcessMemory or WriteProcessMemory request was completed. (0x12B)
[0410/150603.147:ERROR:process_memory_win.cc(73)] ReadMemory at 0x1cfc0404f80 of 62 bytes failed: Only part of a ReadProcessMemory or WriteProcessMemory request was completed. (0x12B)
[0410/150603.147:ERROR:process_memory_win.cc(73)] ReadMemory at 0x1cfc040a2b0 of 132 bytes failed: Only part of a ReadProcessMemory or WriteProcessMemory request was completed. (0x12B)
[0410/150603.147:ERROR:process_memory_win.cc(73)] ReadMemory at 0x1cfc040a440 of 60 bytes failed: Only part of a ReadProcessMemory or WriteProcessMemory request was completed. (0x12B)
[0410/150603.148:ERROR:process_memory_win.cc(73)] ReadMemory at 0x1cfc040a580 of 132 bytes failed: Only part of a ReadProcessMemory or WriteProcessMemory request was completed. (0x12B)
[0410/150603.148:ERROR:process_memory_win.cc(73)] ReadMemory at 0x1cfc040a710 of 64 bytes failed: Only part of a ReadProcessMemory or WriteProcessMemory request was completed. (0x12B)
[0410/150603.148:ERROR:process_memory_win.cc(73)] ReadMemory at 0x1cfc040a980 of 132 bytes failed: Only part of a ReadProcessMemory or WriteProcessMemory request was completed. (0x12B)
[0410/150603.148:ERROR:process_memory_win.cc(73)] ReadMemory at 0x1cfc040ab10 of 60 bytes failed: Only part of a ReadProcessMemory or WriteProcessMemory request was completed. (0x12B)
[0410/150603.148:ERROR:process_memory_win.cc(73)] ReadMemory at 0x1cfc040ab90 of 62 bytes failed: Only part of a ReadProcessMemory or WriteProcessMemory request was completed. (0x12B)
[0410/150603.148:ERROR:process_memory_win.cc(73)] ReadMemory at 0x1cfc040c1a0 of 132 bytes failed: Only part of a ReadProcessMemory or WriteProcessMemory request was completed. (0x12B)
[0410/150603.148:ERROR:process_memory_win.cc(73)] ReadMemory at 0x1cfc040c330 of 158 bytes failed: Only part of a ReadProcessMemory or WriteProcessMemory request was completed. (0x12B)
[0410/150603.148:ERROR:process_memory_win.cc(73)] ReadMemory at 0x1cfc040c510 of 132 bytes failed: Only part of a ReadProcessMemory or WriteProcessMemory request was completed. (0x12B)
[0410/150603.148:ERROR:process_memory_win.cc(73)] ReadMemory at 0x1cfc040c6a0 of 60 bytes failed: Only part of a ReadProcessMemory or WriteProcessMemory request was completed. (0x12B)
[0410/150603.148:ERROR:process_memory_win.cc(73)] ReadMemory at 0x1cfc040caf0 of 132 bytes failed: Only part of a ReadProcessMemory or WriteProcessMemory request was completed. (0x12B)
[0410/150603.149:ERROR:process_memory_win.cc(73)] ReadMemory at 0x1cfc040cd30 of 132 bytes failed: Only part of a ReadProcessMemory or WriteProcessMemory request was completed. (0x12B)
[0410/150603.149:ERROR:process_memory_win.cc(73)] ReadMemory at 0x1cfc040cec0 of 62 bytes failed: Only part of a ReadProcessMemory or WriteProcessMemory request was completed. (0x12B)
[0410/150603.149:ERROR:process_memory_win.cc(73)] ReadMemory at 0x1cfc040d320 of 132 bytes failed: Only part of a ReadProcessMemory or WriteProcessMemory request was completed. (0x12B)
[0410/150603.149:ERROR:process_memory_win.cc(73)] ReadMemory at 0x1cfc040d4b0 of 64 bytes failed: Only part of a ReadProcessMemory or WriteProcessMemory request was completed. (0x12B)
[0410/150603.149:ERROR:process_memory_win.cc(73)] ReadMemory at 0x1cfc040d730 of 132 bytes failed: Only part of a ReadProcessMemory or WriteProcessMemory request was completed. (0x12B)
[0410/150603.149:ERROR:process_memory_win.cc(73)] ReadMemory at 0x1cfc040d8b0 of 76 bytes failed: Only part of a ReadProcessMemory or WriteProcessMemory request was completed. (0x12B)
[0410/150603.149:ERROR:process_memory_win.cc(73)] ReadMemory at 0x1cfc040dbb0 of 80 bytes failed: Only part of a ReadProcessMemory or WriteProcessMemory request was completed. (0x12B)
[0410/150603.149:ERROR:process_memory_win.cc(73)] ReadMemory at 0x1cfc040dd90 of 78 bytes failed: Only part of a ReadProcessMemory or WriteProcessMemory request was completed. (0x12B)
[0410/150603.149:ERROR:process_memory_win.cc(73)] ReadMemory at 0x1cfc040e470 of 64 bytes failed: Only part of a ReadProcessMemory or WriteProcessMemory request was completed. (0x12B)
[0410/150603.149:ERROR:process_memory_win.cc(73)] ReadMemory at 0x1cfc040f9b0 of 132 bytes failed: Only part of a ReadProcessMemory or WriteProcessMemory request was completed. (0x12B)
[0410/150603.149:ERROR:process_memory_win.cc(73)] ReadMemory at 0x1cfc040fae0 of 60 bytes failed: Only part of a ReadProcessMemory or WriteProcessMemory request was completed. (0x12B)
[0410/150603.149:ERROR:process_memory_win.cc(73)] ReadMemory at 0x1cfc040fda0 of 132 bytes failed: Only part of a ReadProcessMemory or WriteProcessMemory request was completed. (0x12B)
[0410/150603.149:ERROR:process_memory_win.cc(73)] ReadMemory at 0x1cfc040fed0 of 62 bytes failed: Only part of a ReadProcessMemory or WriteProcessMemory request was completed. (0x12B)
[0410/150603.150:ERROR:process_memory_win.cc(73)] ReadMemory at 0x1cfc04101b0 of 132 bytes failed: Only part of a ReadProcessMemory or WriteProcessMemory request was completed. (0x12B)
[0410/150603.150:ERROR:process_memory_win.cc(73)] ReadMemory at 0x1cfc04104c0 of 132 bytes failed: Only part of a ReadProcessMemory or WriteProcessMemory request was completed. (0x12B)
[0410/150603.150:ERROR:process_memory_win.cc(73)] ReadMemory at 0x1cfc04105f0 of 132 bytes failed: Only part of a ReadProcessMemory or WriteProcessMemory request was completed. (0x12B)
[0410/150603.150:ERROR:process_memory_win.cc(73)] ReadMemory at 0x1cfc0410720 of 132 bytes failed: Only part of a ReadProcessMemory or WriteProcessMemory request was completed. (0x12B)
[0410/150603.150:ERROR:process_memory_win.cc(73)] ReadMemory at 0x1cfc0410850 of 132 bytes failed: Only part of a ReadProcessMemory or WriteProcessMemory request was completed. (0x12B)
[0410/150603.150:ERROR:process_memory_win.cc(73)] ReadMemory at 0x1cfc0410980 of 132 bytes failed: Only part of a ReadProcessMemory or WriteProcessMemory request was completed. (0x12B)
[0410/150603.150:ERROR:process_memory_win.cc(73)] ReadMemory at 0x1cfc0410ab0 of 132 bytes failed: Only part of a ReadProcessMemory or WriteProcessMemory request was completed. (0x12B)
[0410/150603.150:ERROR:process_memory_win.cc(73)] ReadMemory at 0x1cfc0410be0 of 132 bytes failed: Only part of a ReadProcessMemory or WriteProcessMemory request was completed. (0x12B)
[0410/150603.150:ERROR:process_memory_win.cc(73)] ReadMemory at 0x1cfc0410d10 of 132 bytes failed: Only part of a ReadProcessMemory or WriteProcessMemory request was completed. (0x12B)
[0410/150603.150:ERROR:process_memory_win.cc(73)] ReadMemory at 0x1cfc0410e40 of 132 bytes failed: Only part of a ReadProcessMemory or WriteProcessMemory request was completed. (0x12B)
[0410/150603.150:ERROR:process_memory_win.cc(73)] ReadMemory at 0x1cfc0410f70 of 132 bytes failed: Only part of a ReadProcessMemory or WriteProcessMemory request was completed. (0x12B)
[0410/150603.150:ERROR:process_memory_win.cc(73)] ReadMemory at 0x1cfc04110a0 of 132 bytes failed: Only part of a ReadProcessMemory or WriteProcessMemory request was completed. (0x12B)
[0410/150603.150:ERROR:process_memory_win.cc(73)] ReadMemory at 0x1cfc04111d0 of 132 bytes failed: Only part of a ReadProcessMemory or WriteProcessMemory request was completed. (0x12B)
[0410/150603.151:ERROR:process_memory_win.cc(73)] ReadMemory at 0x1cfc0411300 of 132 bytes failed: Only part of a ReadProcessMemory or WriteProcessMemory request was completed. (0x12B)
[0410/150603.151:ERROR:process_memory_win.cc(73)] ReadMemory at 0x1cfc04115e0 of 246 bytes failed: Only part of a ReadProcessMemory or WriteProcessMemory request was completed. (0x12B)
[0410/150603.151:ERROR:process_memory_win.cc(73)] ReadMemory at 0x1cfc0411770 of 60 bytes failed: Only part of a ReadProcessMemory or WriteProcessMemory request was completed. (0x12B)
[0410/150603.151:ERROR:process_memory_win.cc(73)] ReadMemory at 0x1cfc04117c0 of 66 bytes failed: Only part of a ReadProcessMemory or WriteProcessMemory request was completed. (0x12B)
[0410/150603.151:ERROR:process_memory_win.cc(73)] ReadMemory at 0x1cfc0411950 of 66 bytes failed: Only part of a ReadProcessMemory or WriteProcessMemory request was completed. (0x12B)
[0410/150603.151:ERROR:process_memory_win.cc(73)] ReadMemory at 0x1cfc04119f0 of 62 bytes failed: Only part of a ReadProcessMemory or WriteProcessMemory request was completed. (0x12B)
[0410/150603.151:ERROR:process_memory_win.cc(73)] ReadMemory at 0x1cfc0411a40 of 64 bytes failed: Only part of a ReadProcessMemory or WriteProcessMemory request was completed. (0x12B)
[0410/150603.151:ERROR:process_memory_win.cc(73)] ReadMemory at 0x1cfc0411a90 of 62 bytes failed: Only part of a ReadProcessMemory or WriteProcessMemory request was completed. (0x12B)
[0410/150603.151:ERROR:process_memory_win.cc(73)] ReadMemory at 0x1cfc0411ae0 of 60 bytes failed: Only part of a ReadProcessMemory or WriteProcessMemory request was completed. (0x12B)
[0410/150603.151:ERROR:process_memory_win.cc(73)] ReadMemory at 0x1cfc0411b80 of 62 bytes failed: Only part of a ReadProcessMemory or WriteProcessMemory request was completed. (0x12B)
[0410/150603.151:ERROR:process_memory_win.cc(73)] ReadMemory at 0x1cfc0411c20 of 66 bytes failed: Only part of a ReadProcessMemory or WriteProcessMemory request was completed. (0x12B)
[0410/150603.151:ERROR:process_memory_win.cc(73)] ReadMemory at 0x1cfc0411c70 of 60 bytes failed: Only part of a ReadProcessMemory or WriteProcessMemory request was completed. (0x12B)
[0410/150603.151:ERROR:process_memory_win.cc(73)] ReadMemory at 0x1cfc0411cc0 of 58 bytes failed: Only part of a ReadProcessMemory or WriteProcessMemory request was completed. (0x12B)
[0410/150603.151:ERROR:process_memory_win.cc(73)] ReadMemory at 0x1cfc0411d60 of 62 bytes failed: Only part of a ReadProcessMemory or WriteProcessMemory request was completed. (0x12B)
[0410/150603.152:ERROR:process_memory_win.cc(73)] ReadMemory at 0x1cfc0411ea0 of 58 bytes failed: Only part of a ReadProcessMemory or WriteProcessMemory request was completed. (0x12B)
[0410/150603.152:ERROR:process_memory_win.cc(73)] ReadMemory at 0x1cfc04138e0 of 132 bytes failed: Only part of a ReadProcessMemory or WriteProcessMemory request was completed. (0x12B)
[0410/150603.152:ERROR:process_memory_win.cc(73)] ReadMemory at 0x1cfc0413a10 of 132 bytes failed: Only part of a ReadProcessMemory or WriteProcessMemory request was completed. (0x12B)
[0410/150603.152:ERROR:process_memory_win.cc(73)] ReadMemory at 0x1cfc0413b40 of 132 bytes failed: Only part of a ReadProcessMemory or WriteProcessMemory request was completed. (0x12B)
[0410/150603.152:ERROR:process_memory_win.cc(73)] ReadMemory at 0x1cfc0413c70 of 132 bytes failed: Only part of a ReadProcessMemory or WriteProcessMemory request was completed. (0x12B)
[0410/150603.152:ERROR:process_memory_win.cc(73)] ReadMemory at 0x1cfc0413da0 of 132 bytes failed: Only part of a ReadProcessMemory or WriteProcessMemory request was completed. (0x12B)
[0410/150603.152:ERROR:process_memory_win.cc(73)] ReadMemory at 0x1cfc0413ed0 of 132 bytes failed: Only part of a ReadProcessMemory or WriteProcessMemory request was completed. (0x12B)
[0410/150603.152:ERROR:process_memory_win.cc(73)] ReadMemory at 0x1cfc0414000 of 132 bytes failed: Only part of a ReadProcessMemory or WriteProcessMemory request was completed. (0x12B)
[0410/150603.152:ERROR:process_memory_win.cc(73)] ReadMemory at 0x1cfc0414130 of 132 bytes failed: Only part of a ReadProcessMemory or WriteProcessMemory request was completed. (0x12B)
[0410/150603.152:ERROR:process_memory_win.cc(73)] ReadMemory at 0x1cfc0414260 of 132 bytes failed: Only part of a ReadProcessMemory or WriteProcessMemory request was completed. (0x12B)
[0410/150603.152:ERROR:process_memory_win.cc(73)] ReadMemory at 0x1cfc0414390 of 132 bytes failed: Only part of a ReadProcessMemory or WriteProcessMemory request was completed. (0x12B)
[0410/150603.152:ERROR:process_memory_win.cc(73)] ReadMemory at 0x1cfc04144c0 of 132 bytes failed: Only part of a ReadProcessMemory or WriteProcessMemory request was completed. (0x12B)
[0410/150603.152:ERROR:process_memory_win.cc(73)] ReadMemory at 0x1cfc04145f0 of 132 bytes failed: Only part of a ReadProcessMemory or WriteProcessMemory request was completed. (0x12B)
[0410/150603.152:ERROR:process_memory_win.cc(73)] ReadMemory at 0x1cfc0414720 of 132 bytes failed: Only part of a ReadProcessMemory or WriteProcessMemory request was completed. (0x12B)
[0410/150603.152:ERROR:process_memory_win.cc(73)] ReadMemory at 0x1cfc0414980 of 132 bytes failed: Only part of a ReadProcessMemory or WriteProcessMemory request was completed. (0x12B)
[0410/150603.153:ERROR:process_memory_win.cc(73)] ReadMemory at 0x1cfc0414ab0 of 132 bytes failed: Only part of a ReadProcessMemory or WriteProcessMemory request was completed. (0x12B)
[0410/150603.153:ERROR:process_memory_win.cc(73)] ReadMemory at 0x1cfc0414be0 of 132 bytes failed: Only part of a ReadProcessMemory or WriteProcessMemory request was completed. (0x12B)
[0410/150603.153:ERROR:process_memory_win.cc(73)] ReadMemory at 0x1cfc0414e40 of 132 bytes failed: Only part of a ReadProcessMemory or WriteProcessMemory request was completed. (0x12B)
[0410/150603.153:ERROR:process_memory_win.cc(73)] ReadMemory at 0x1cfc0414f70 of 132 bytes failed: Only part of a ReadProcessMemory or WriteProcessMemory request was completed. (0x12B)
[0410/150603.153:ERROR:process_memory_win.cc(73)] ReadMemory at 0x1cfc04150a0 of 132 bytes failed: Only part of a ReadProcessMemory or WriteProcessMemory request was completed. (0x12B)
[0410/150603.153:ERROR:process_memory_win.cc(73)] ReadMemory at 0x1cfc04151d0 of 132 bytes failed: Only part of a ReadProcessMemory or WriteProcessMemory request was completed. (0x12B)
[0410/150603.153:ERROR:process_memory_win.cc(73)] ReadMemory at 0x1cfc0415300 of 132 bytes failed: Only part of a ReadProcessMemory or WriteProcessMemory request was completed. (0x12B)
[0410/150603.153:ERROR:process_memory_win.cc(73)] ReadMemory at 0x1cfc0415430 of 132 bytes failed: Only part of a ReadProcessMemory or WriteProcessMemory request was completed. (0x12B)
[0410/150603.153:ERROR:process_memory_win.cc(73)] ReadMemory at 0x1cfc0415560 of 132 bytes failed: Only part of a ReadProcessMemory or WriteProcessMemory request was completed. (0x12B)
[0410/150603.153:ERROR:process_memory_win.cc(73)] ReadMemory at 0x1cfc0415690 of 132 bytes failed: Only part of a ReadProcessMemory or WriteProcessMemory request was completed. (0x12B)
[0410/150603.154:ERROR:process_memory_win.cc(73)] ReadMemory at 0x1cfc04168d0 of 154 bytes failed: Only part of a ReadProcessMemory or WriteProcessMemory request was completed. (0x12B)
[0410/150603.154:ERROR:process_memory_win.cc(73)] ReadMemory at 0x1cfc0418190 of 512 bytes failed: Only part of a ReadProcessMemory or WriteProcessMemory request was completed. (0x12B)
[0410/150603.155:ERROR:process_memory_win.cc(73)] ReadMemory at 0x1cfc0418d70 of 58 bytes failed: Only part of a ReadProcessMemory or WriteProcessMemory request was completed. (0x12B)
[0410/150603.155:ERROR:process_memory_win.cc(73)] ReadMemory at 0x1cfc0419220 of 66 bytes failed: Only part of a ReadProcessMemory or WriteProcessMemory request was completed. (0x12B)
[0410/150603.155:ERROR:process_memory_win.cc(73)] ReadMemory at 0x1cfc041f410 of 54 bytes failed: Only part of a ReadProcessMemory or WriteProcessMemory request was completed. (0x12B)
[0410/150603.155:ERROR:process_memory_win.cc(73)] ReadMemory at 0x1cfc042f850 of 60 bytes failed: Only part of a ReadProcessMemory or WriteProcessMemory request was completed. (0x12B)
[0410/150603.155:ERROR:process_memory_win.cc(73)] ReadMemory at 0x1cfc042f8f0 of 64 bytes failed: Only part of a ReadProcessMemory or WriteProcessMemory request was completed. (0x12B)
[0410/150603.155:ERROR:process_memory_win.cc(73)] ReadMemory at 0x1cfc042f990 of 60 bytes failed: Only part of a ReadProcessMemory or WriteProcessMemory request was completed. (0x12B)
[0410/150603.155:ERROR:process_memory_win.cc(73)] ReadMemory at 0x1cfc042f9e0 of 64 bytes failed: Only part of a ReadProcessMemory or WriteProcessMemory request was completed. (0x12B)
[0410/150603.155:ERROR:process_memory_win.cc(73)] ReadMemory at 0x1cfc042fad0 of 64 bytes failed: Only part of a ReadProcessMemory or WriteProcessMemory request was completed. (0x12B)
[0410/150603.155:ERROR:process_memory_win.cc(73)] ReadMemory at 0x1cfc042fbc0 of 56 bytes failed: Only part of a ReadProcessMemory or WriteProcessMemory request was completed. (0x12B)
[0410/150603.155:ERROR:process_memory_win.cc(73)] ReadMemory at 0x1cfc042fc10 of 60 bytes failed: Only part of a ReadProcessMemory or WriteProcessMemory request was completed. (0x12B)
[0410/150603.156:ERROR:process_memory_win.cc(73)] ReadMemory at 0x1cfc042fc60 of 62 bytes failed: Only part of a ReadProcessMemory or WriteProcessMemory request was completed. (0x12B)
[0410/150603.156:ERROR:process_memory_win.cc(73)] ReadMemory at 0x1cfc042fcb0 of 62 bytes failed: Only part of a ReadProcessMemory or WriteProcessMemory request was completed. (0x12B)
[0410/150603.156:ERROR:process_memory_win.cc(73)] ReadMemory at 0x1cfc042fda0 of 60 bytes failed: Only part of a ReadProcessMemory or WriteProcessMemory request was completed. (0x12B)
[0410/150603.156:ERROR:process_memory_win.cc(73)] ReadMemory at 0x1cfc042fdf0 of 62 bytes failed: Only part of a ReadProcessMemory or WriteProcessMemory request was completed. (0x12B)
[0410/150603.156:ERROR:process_memory_win.cc(73)] ReadMemory at 0x1cfc042fe40 of 58 bytes failed: Only part of a ReadProcessMemory or WriteProcessMemory request was completed. (0x12B)
[0410/150603.156:ERROR:process_memory_win.cc(73)] ReadMemory at 0x1cfc042fe90 of 64 bytes failed: Only part of a ReadProcessMemory or WriteProcessMemory request was completed. (0x12B)
[0410/150603.156:ERROR:process_memory_win.cc(73)] ReadMemory at 0x1cfc042fee0 of 60 bytes failed: Only part of a ReadProcessMemory or WriteProcessMemory request was completed. (0x12B)
[0410/150603.156:ERROR:process_memory_win.cc(73)] ReadMemory at 0x1cfc042ff30 of 62 bytes failed: Only part of a ReadProcessMemory or WriteProcessMemory request was completed. (0x12B)
[0410/150603.156:ERROR:process_memory_win.cc(73)] ReadMemory at 0x1cfc042ff80 of 64 bytes failed: Only part of a ReadProcessMemory or WriteProcessMemory request was completed. (0x12B)
[0410/150603.156:ERROR:process_memory_win.cc(73)] ReadMemory at 0x1cfc0430070 of 58 bytes failed: Only part of a ReadProcessMemory or WriteProcessMemory request was completed. (0x12B)
[0410/150603.156:ERROR:process_memory_win.cc(73)] ReadMemory at 0x1cfc04300c0 of 62 bytes failed: Only part of a ReadProcessMemory or WriteProcessMemory request was completed. (0x12B)
[0410/150603.156:ERROR:process_memory_win.cc(73)] ReadMemory at 0x1cfc0430160 of 60 bytes failed: Only part of a ReadProcessMemory or WriteProcessMemory request was completed. (0x12B)
[0410/150603.157:ERROR:process_memory_win.cc(73)] ReadMemory at 0x1cfc04301b0 of 64 bytes failed: Only part of a ReadProcessMemory or WriteProcessMemory request was completed. (0x12B)
[0410/150603.157:ERROR:process_memory_win.cc(73)] ReadMemory at 0x1cfc0430520 of 64 bytes failed: Only part of a ReadProcessMemory or WriteProcessMemory request was completed. (0x12B)
[0410/150603.157:ERROR:process_memory_win.cc(73)] ReadMemory at 0x1cfc0434570 of 132 bytes failed: Only part of a ReadProcessMemory or WriteProcessMemory request was completed. (0x12B)
[0410/150603.157:ERROR:process_memory_win.cc(73)] ReadMemory at 0x1cfc04346a0 of 132 bytes failed: Only part of a ReadProcessMemory or WriteProcessMemory request was completed. (0x12B)
[0410/150603.157:ERROR:process_memory_win.cc(73)] ReadMemory at 0x1cfc0435150 of 132 bytes failed: Only part of a ReadProcessMemory or WriteProcessMemory request was completed. (0x12B)
[0410/150603.157:ERROR:process_memory_win.cc(73)] ReadMemory at 0x1cfc0435870 of 132 bytes failed: Only part of a ReadProcessMemory or WriteProcessMemory request was completed. (0x12B)
[0410/150603.157:ERROR:process_memory_win.cc(73)] ReadMemory at 0x1cfc04361f0 of 132 bytes failed: Only part of a ReadProcessMemory or WriteProcessMemory request was completed. (0x12B)
[0410/150603.157:ERROR:process_memory_win.cc(73)] ReadMemory at 0x1cfc04387d0 of 62 bytes failed: Only part of a ReadProcessMemory or WriteProcessMemory request was completed. (0x12B)
[0410/150603.157:ERROR:process_memory_win.cc(73)] ReadMemory at 0x1cfc044dd20 of 512 bytes failed: Only part of a ReadProcessMemory or WriteProcessMemory request was completed. (0x12B)
[0410/150603.157:ERROR:process_memory_win.cc(73)] ReadMemory at 0x1cfc044f3c0 of 512 bytes failed: Only part of a ReadProcessMemory or WriteProcessMemory request was completed. (0x12B)
[0410/150603.162:ERROR:scoped_process_suspend.cc(40)] NtResumeProcess: An attempt was made to access an exiting process. (0xc000010a)
